
=== Mon Mar 23 21:59:12 2020

Packages were changed.
Update Mode: mergeDefaultDependencies

The following packages were added:
  com.unity.package-manager-ui@2.2.0
  com.unity.ext.nunit@1.0.0
  com.unity.test-framework@1.0.13
  com.unity.ide.vscode@1.1.0
  com.unity.ide.rider@1.1.0
  com.unity.ugui@1.0.0
  com.unity.modules.androidjni@1.0.0
The following packages were updated:
  com.unity.collab-proxy from version 1.2.9 to 1.2.16
  com.unity.textmeshpro from version 2.0.0 to 2.0.1
  com.unity.timeline from version 0.0.0-builtin to 1.1.0

=== Wed Jun 10 22:47:44 2020

Packages were changed.
Update Mode: updateDependencies

The following packages were updated:
  com.unity.ide.rider from version 1.1.0 to 1.1.4
  com.unity.ide.vscode from version 1.1.0 to 1.1.4
  com.unity.postprocessing from version 2.1.7 to 2.2.2
  com.unity.render-pipelines.lightweight from version 6.9.1 to 7.3.1
  com.unity.shadergraph from version 6.9.1 to 7.3.1
  com.unity.test-framework from version 1.0.13 to 1.1.13
  com.unity.timeline from version 1.1.0 to 1.2.6
The following packages were removed:
  com.unity.package-manager-ui@2.2.0

=== Wed Jun 10 23:08:45 2020

Packages were changed.
Update Mode: updateDependencies

The following packages were updated:
  com.unity.ide.vscode from version 1.1.4 to 1.2.0
  com.unity.scriptablebuildpipeline from version 1.5.4 to 1.7.2
  com.unity.test-framework from version 1.1.13 to 1.1.14

=== Tue Feb  2 14:00:00 2021

Packages were changed.
Update Mode: updateDependencies

The following packages were updated:
  com.unity.test-framework from version 1.1.14 to 1.1.16

=== Thu Mar 25 13:24:26 2021

Packages were changed.
Update Mode: updateDependencies

The following packages were updated:
  com.unity.polybrush from version 1.0.1 to 1.0.2

=== Thu Jun 17 14:42:16 2021

Packages were changed.
Update Mode: updateDependencies

The following packages were added:
  com.unity.ide.visualstudio@2.0.2
The following packages were updated:
  com.unity.collab-proxy from version 1.2.16 to 1.3.9
  com.unity.ide.rider from version 1.1.4 to 1.2.1
  com.unity.render-pipelines.universal from version 7.3.1 to 8.2.0
  com.unity.shadergraph from version 7.3.1 to 8.2.0
  com.unity.textmeshpro from version 2.0.1 to 3.0.1
  com.unity.visualeffectgraph from version 7.3.1 to 8.2.0

=== Sat Apr  2 11:28:42 2022

Packages were changed.
Update Mode: updateDependencies

The following packages were updated:
  com.unity.collab-proxy from version 1.3.9 to 1.9.0
  com.unity.ide.rider from version 1.2.1 to 2.0.7
  com.unity.ide.visualstudio from version 2.0.2 to 2.0.11
  com.unity.ide.vscode from version 1.2.1 to 1.2.4
  com.unity.render-pipelines.universal from version 8.2.0 to 10.6.0
  com.unity.scriptablebuildpipeline from version 1.7.3 to 1.19.0
  com.unity.shadergraph from version 8.2.0 to 10.6.0
  com.unity.test-framework from version 1.1.27 to 1.1.29
  com.unity.timeline from version 1.3.7 to 1.4.8
  com.unity.visualeffectgraph from version 8.2.0 to 10.6.0
